<?xml version="1.0" encoding="UTF-8"?>
<testsuite name="uk.ac.imperial.matrixmult.MatrixMultiplierTest" time="0" tests="5" errors="0" skipped="0" failures="0">
  <properties>
[...]
</properties>
  <testcase name="associativityCheck" classname="uk.ac.imperial.matrixmult.MatrixMultiplierTest" time="0"/>
  <testcase name="basicCheck" classname="uk.ac.imperial.matrixmult.MatrixMultiplierTest" time="0"/>
  <testcase name="computationCheck" classname="uk.ac.imperial.matrixmult.MatrixMultiplierTest" time="0"/>
  <testcase name="zeroCheck" classname="uk.ac.imperial.matrixmult.MatrixMultiplierTest" time="0"/>
  <testcase name="identityCheck" classname="uk.ac.imperial.matrixmult.MatrixMultiplierTest" time="0"/>
</testsuite>